<?xml version="1.0" encoding="UTF-8"?>
<!-- Generated by org.testng.reporters.JUnitXMLReporter -->
<testsuite ignored="0" hostname="DESKTOP-9B3BV7M" failures="0" tests="3" name="Default test" time="7.453" errors="0" timestamp="2023-10-08T23:48:50 EDT">
  <testcase classname="testngexam1008.exam5" name="TestCaseOne" time="1.516"/>
  <testcase classname="testngexam1008.exam5" name="TestCaseThree" time="0.836"/>
  <testcase classname="testngexam1008.exam5" name="TestCaseTwo" time="1.5"/>
</testsuite> <!-- Default test -->
