<?xml version="1.0" encoding="UTF-8"?>
<!-- Generated by org.testng.reporters.JUnitXMLReporter -->
<testsuite ignored="2" hostname="DESKTOP-9B3BV7M" failures="0" tests="2" name="Test" time="14.496" errors="0" timestamp="2023-10-08T23:51:58 EDT">
  <testcase classname="testngexam1008.exam6" name="TestCase_one" time="6.05"/>
  <testcase classname="testngexam1008.exam6" name="TestCase_three" time="5.45"/>
  <testcase classname="testngexam1008.exam6" name="TestCase_four" time="0.0">
    <ignored/>
  </testcase> <!-- TestCase_four -->
  <testcase classname="testngexam1008.exam6" name="TestCase_two" time="0.0">
    <ignored/>
  </testcase> <!-- TestCase_two -->
</testsuite> <!-- Test -->
