<?xml version="1.0" encoding="UTF-8"?>
<testng-results ignored="0" total="2" passed="2" failed="0" skipped="0">
  <reporter-output>
  </reporter-output>
  <suite started-at="2023-10-08T23:51:44 EDT" name="Suite" finished-at="2023-10-08T23:51:58 EDT" duration-ms="14496">
    <groups>
    </groups>
    <test started-at="2023-10-08T23:51:44 EDT" name="Test" finished-at="2023-10-08T23:51:58 EDT" duration-ms="14496">
      <class name="testngexam1008.exam6">
        <test-method is-config="true" signature="launchBrowser()[pri:0, instance:testngexam1008.exam6@443118b0]" started-at="2023-10-08T23:51:44 EDT" name="launchBrowser" finished-at="2023-10-08T23:51:47 EDT" duration-ms="2740" status="PASS">
          <reporter-output>
          </reporter-output>
        </test-method> <!-- launchBrowser -->
        <test-method signature="TestCase_one(java.lang.String,java.lang.String)[pri:0, instance:testngexam1008.exam6@443118b0]" started-at="2023-10-08T23:51:47 EDT" name="TestCase_one" finished-at="2023-10-08T23:51:53 EDT" duration-ms="6050" status="PASS">
          <params>
            <param index="0">
              <value>
                <![CDATA[performance_glitch_user]]>
              </value>
            </param>
            <param index="1">
              <value>
                <![CDATA[secret_sauce]]>
              </value>
            </param>
          </params>
          <reporter-output>
          </reporter-output>
        </test-method> <!-- TestCase_one -->
        <test-method signature="TestCase_three(java.lang.String,java.lang.String)[pri:0, instance:testngexam1008.exam6@443118b0]" started-at="2023-10-08T23:51:53 EDT" name="TestCase_three" finished-at="2023-10-08T23:51:58 EDT" duration-ms="5450" status="PASS">
          <params>
            <param index="0">
              <value>
                <![CDATA[performance_glitch_user]]>
              </value>
            </param>
            <param index="1">
              <value>
                <![CDATA[secret_sauce]]>
              </value>
            </param>
          </params>
          <reporter-output>
          </reporter-output>
        </test-method> <!-- TestCase_three -->
        <test-method is-config="true" signature="terminateBrowser()[pri:0, instance:testngexam1008.exam6@443118b0]" started-at="2023-10-08T23:51:58 EDT" name="terminateBrowser" finished-at="2023-10-08T23:51:58 EDT" duration-ms="194" status="PASS">
          <reporter-output>
          </reporter-output>
        </test-method> <!-- terminateBrowser -->
      </class> <!-- testngexam1008.exam6 -->
    </test> <!-- Test -->
  </suite> <!-- Suite -->
</testng-results>
